{"contracts\\GYNXToken.sol":{"l":{"13":0},"path":"D:\\Works\\Dev\\1.DeFi-Platform\\Terafarm-Defi-site\\Terafarm-Contract\\contracts\\GYNXToken.sol","s":{"1":0},"b":{},"f":{"1":0},"fnMap":{"1":{"name":"constructor","line":12,"loc":{"start":{"line":9,"column":4},"end":{"line":14,"column":4}}}},"statementMap":{"1":{"start":{"line":13,"column":8},"end":{"line":13,"column":60}}},"branchMap":{}},"contracts\\libraries\\SafeMath.sol":{"l":{"14":0,"15":0,"17":0,"18":0,"19":0,"27":0,"29":0,"36":0,"37":0,"44":0,"45":0,"46":0,"57":0,"58":0,"60":0,"61":0,"62":0,"67":0,"69":0,"73":0,"74":0,"78":0,"79":0,"80":0,"91":0,"92":0,"94":0,"95":0,"96":0,"101":0,"103":0,"107":0,"108":0,"112":0,"113":0,"114":0},"path":"D:\\Works\\Dev\\1.DeFi-Platform\\Terafarm-Defi-site\\Terafarm-Contract\\contracts\\libraries\\SafeMath.sol","s":{"1":0,"2":0,"3":0,"4":0,"5":0,"6":0,"7":0,"8":0,"9":0,"10":0,"11":0,"12":0,"13":0,"14":0,"15":0,"16":0,"17":0,"18":0,"19":0,"20":0,"21":0,"22":0,"23":0,"24":0,"25":0,"26":0,"27":0,"28":0,"29":0,"30":0,"31":0,"32":0,"33":0,"34":0,"35":0,"36":0},"b":{"1":[0,0],"2":[0,0],"3":[0,0]},"f":{"1":0,"2":0,"3":0,"4":0,"5":0,"6":0,"7":0,"8":0,"9":0,"10":0,"11":0,"12":0},"fnMap":{"1":{"name":"mul","line":13,"loc":{"start":{"line":13,"column":2},"end":{"line":20,"column":2}}},"2":{"name":"div","line":25,"loc":{"start":{"line":25,"column":2},"end":{"line":30,"column":2}}},"3":{"name":"sub","line":35,"loc":{"start":{"line":35,"column":2},"end":{"line":38,"column":2}}},"4":{"name":"add","line":43,"loc":{"start":{"line":43,"column":2},"end":{"line":47,"column":2}}},"5":{"name":"mul","line":56,"loc":{"start":{"line":56,"column":2},"end":{"line":63,"column":2}}},"6":{"name":"div","line":65,"loc":{"start":{"line":65,"column":2},"end":{"line":70,"column":2}}},"7":{"name":"sub","line":72,"loc":{"start":{"line":72,"column":2},"end":{"line":75,"column":2}}},"8":{"name":"add","line":77,"loc":{"start":{"line":77,"column":2},"end":{"line":81,"column":2}}},"9":{"name":"mul","line":90,"loc":{"start":{"line":90,"column":2},"end":{"line":97,"column":2}}},"10":{"name":"div","line":99,"loc":{"start":{"line":99,"column":2},"end":{"line":104,"column":2}}},"11":{"name":"sub","line":106,"loc":{"start":{"line":106,"column":2},"end":{"line":109,"column":2}}},"12":{"name":"add","line":111,"loc":{"start":{"line":111,"column":2},"end":{"line":115,"column":2}}}},"statementMap":{"1":{"start":{"line":14,"column":4},"end":{"line":14,"column":333}},"2":{"start":{"line":15,"column":6},"end":{"line":15,"column":14}},"3":{"start":{"line":17,"column":4},"end":{"line":17,"column":21}},"4":{"start":{"line":18,"column":4},"end":{"line":18,"column":21}},"5":{"start":{"line":19,"column":4},"end":{"line":19,"column":12}},"6":{"start":{"line":27,"column":4},"end":{"line":27,"column":21}},"7":{"start":{"line":29,"column":4},"end":{"line":29,"column":12}},"8":{"start":{"line":36,"column":4},"end":{"line":36,"column":17}},"9":{"start":{"line":37,"column":4},"end":{"line":37,"column":16}},"10":{"start":{"line":44,"column":4},"end":{"line":44,"column":21}},"11":{"start":{"line":45,"column":4},"end":{"line":45,"column":17}},"12":{"start":{"line":46,"column":4},"end":{"line":46,"column":12}},"13":{"start":{"line":57,"column":4},"end":{"line":57,"column":1411}},"14":{"start":{"line":58,"column":6},"end":{"line":58,"column":14}},"15":{"start":{"line":60,"column":4},"end":{"line":60,"column":20}},"16":{"start":{"line":61,"column":4},"end":{"line":61,"column":21}},"17":{"start":{"line":62,"column":4},"end":{"line":62,"column":12}},"18":{"start":{"line":67,"column":4},"end":{"line":67,"column":20}},"19":{"start":{"line":69,"column":4},"end":{"line":69,"column":12}},"20":{"start":{"line":73,"column":4},"end":{"line":73,"column":17}},"21":{"start":{"line":74,"column":4},"end":{"line":74,"column":16}},"22":{"start":{"line":78,"column":4},"end":{"line":78,"column":20}},"23":{"start":{"line":79,"column":4},"end":{"line":79,"column":17}},"24":{"start":{"line":80,"column":4},"end":{"line":80,"column":12}},"25":{"start":{"line":91,"column":4},"end":{"line":91,"column":2224}},"26":{"start":{"line":92,"column":6},"end":{"line":92,"column":14}},"27":{"start":{"line":94,"column":4},"end":{"line":94,"column":20}},"28":{"start":{"line":95,"column":4},"end":{"line":95,"column":21}},"29":{"start":{"line":96,"column":4},"end":{"line":96,"column":12}},"30":{"start":{"line":101,"column":4},"end":{"line":101,"column":20}},"31":{"start":{"line":103,"column":4},"end":{"line":103,"column":12}},"32":{"start":{"line":107,"column":4},"end":{"line":107,"column":17}},"33":{"start":{"line":108,"column":4},"end":{"line":108,"column":16}},"34":{"start":{"line":112,"column":4},"end":{"line":112,"column":20}},"35":{"start":{"line":113,"column":4},"end":{"line":113,"column":17}},"36":{"start":{"line":114,"column":4},"end":{"line":114,"column":12}}},"branchMap":{"1":{"line":14,"type":"if","locations":[{"start":{"line":14,"column":4},"end":{"line":14,"column":4}},{"start":{"line":14,"column":4},"end":{"line":14,"column":4}}]},"2":{"line":57,"type":"if","locations":[{"start":{"line":57,"column":4},"end":{"line":57,"column":4}},{"start":{"line":57,"column":4},"end":{"line":57,"column":4}}]},"3":{"line":91,"type":"if","locations":[{"start":{"line":91,"column":4},"end":{"line":91,"column":4}},{"start":{"line":91,"column":4},"end":{"line":91,"column":4}}]}}},"contracts\\libraries\\UniswapV3NFTPrice.sol":{"l":{"19":0,"20":0,"21":0,"22":0,"26":0,"40":0,"41":0,"43":0,"45":0,"47":0,"48":0,"50":0,"57":0,"58":0,"60":0,"61":0,"63":0,"64":0,"68":0,"69":0,"73":0,"78":0,"79":0,"81":0,"83":0,"90":0,"94":0},"path":"D:\\Works\\Dev\\1.DeFi-Platform\\Terafarm-Defi-site\\Terafarm-Contract\\contracts\\libraries\\UniswapV3NFTPrice.sol","s":{"1":0,"2":0,"3":0,"4":0,"5":0,"6":0,"7":0,"8":0,"9":0,"10":0,"11":0,"12":0,"13":0,"14":0,"15":0,"16":0,"17":0,"18":0,"19":0,"20":0,"21":0},"b":{"1":[0,0],"2":[0,0]},"f":{"1":0,"2":0,"3":0,"4":0,"5":0,"6":0},"fnMap":{"1":{"name":"constructor","line":18,"loc":{"start":{"line":18,"column":4},"end":{"line":23,"column":4}}},"2":{"name":"getLPTokenValue","line":25,"loc":{"start":{"line":25,"column":4},"end":{"line":65,"column":4}}},"3":{"name":"_getSqrtRatioAtTick","line":67,"loc":{"start":{"line":67,"column":4},"end":{"line":70,"column":4}}},"4":{"name":"currentPoolPrice","line":72,"loc":{"start":{"line":72,"column":4},"end":{"line":74,"column":4}}},"5":{"name":"getTokenPriceInUSD","line":76,"loc":{"start":{"line":76,"column":4},"end":{"line":91,"column":4}}},"6":{"name":"setPriceFeed","line":93,"loc":{"start":{"line":93,"column":4},"end":{"line":95,"column":4}}}},"statementMap":{"1":{"start":{"line":26,"column":8},"end":{"line":26,"column":1374}},"2":{"start":{"line":40,"column":8},"end":{"line":40,"column":75}},"3":{"start":{"line":41,"column":8},"end":{"line":41,"column":64}},"4":{"start":{"line":43,"column":8},"end":{"line":43,"column":57}},"5":{"start":{"line":45,"column":8},"end":{"line":45,"column":51}},"6":{"start":{"line":47,"column":8},"end":{"line":47,"column":62}},"7":{"start":{"line":48,"column":8},"end":{"line":48,"column":62}},"8":{"start":{"line":50,"column":8},"end":{"line":50,"column":2059}},"9":{"start":{"line":57,"column":8},"end":{"line":57,"column":61}},"10":{"start":{"line":58,"column":8},"end":{"line":58,"column":61}},"11":{"start":{"line":60,"column":8},"end":{"line":60,"column":56}},"12":{"start":{"line":61,"column":8},"end":{"line":61,"column":56}},"13":{"start":{"line":64,"column":8},"end":{"line":64,"column":25}},"14":{"start":{"line":68,"column":8},"end":{"line":68,"column":58}},"15":{"start":{"line":69,"column":8},"end":{"line":69,"column":21}},"16":{"start":{"line":73,"column":8},"end":{"line":73,"column":81}},"17":{"start":{"line":78,"column":8},"end":{"line":78,"column":52}},"18":{"start":{"line":79,"column":8},"end":{"line":79,"column":74}},"19":{"start":{"line":81,"column":8},"end":{"line":81,"column":81}},"20":{"start":{"line":83,"column":8},"end":{"line":83,"column":3289}},"21":{"start":{"line":90,"column":8},"end":{"line":90,"column":36}}},"branchMap":{"1":{"line":41,"type":"if","locations":[{"start":{"line":41,"column":8},"end":{"line":41,"column":8}},{"start":{"line":41,"column":8},"end":{"line":41,"column":8}}]},"2":{"line":79,"type":"if","locations":[{"start":{"line":79,"column":8},"end":{"line":79,"column":8}},{"start":{"line":79,"column":8},"end":{"line":79,"column":8}}]}}},"contracts\\MockERC20.sol":{"l":{"10":0},"path":"D:\\Works\\Dev\\1.DeFi-Platform\\Terafarm-Defi-site\\Terafarm-Contract\\contracts\\MockERC20.sol","s":{"1":0},"b":{},"f":{"1":0,"2":0},"fnMap":{"1":{"name":"constructor","line":7,"loc":{"start":{"line":7,"column":4},"end":{"line":7,"column":45}}},"2":{"name":"mint","line":9,"loc":{"start":{"line":9,"column":4},"end":{"line":11,"column":4}}}},"statementMap":{"1":{"start":{"line":10,"column":8},"end":{"line":10,"column":24}}},"branchMap":{}},"contracts\\MockNFT.sol":{"l":{"12":0,"13":0},"path":"D:\\Works\\Dev\\1.DeFi-Platform\\Terafarm-Defi-site\\Terafarm-Contract\\contracts\\MockNFT.sol","s":{"1":0},"b":{},"f":{"1":0,"2":0},"fnMap":{"1":{"name":"constructor","line":9,"loc":{"start":{"line":9,"column":4},"end":{"line":9,"column":45}}},"2":{"name":"mint","line":11,"loc":{"start":{"line":11,"column":4},"end":{"line":14,"column":4}}}},"statementMap":{"1":{"start":{"line":12,"column":8},"end":{"line":12,"column":25}}},"branchMap":{}},"contracts\\TERACToken.sol":{"l":{"13":0},"path":"D:\\Works\\Dev\\1.DeFi-Platform\\Terafarm-Defi-site\\Terafarm-Contract\\contracts\\TERACToken.sol","s":{"1":0},"b":{},"f":{"1":0},"fnMap":{"1":{"name":"constructor","line":12,"loc":{"start":{"line":9,"column":4},"end":{"line":14,"column":4}}}},"statementMap":{"1":{"start":{"line":13,"column":8},"end":{"line":13,"column":60}}},"branchMap":{}},"contracts\\TeraFarming.sol":{"l":{"42":0,"43":0,"44":0,"45":0,"49":0,"50":0,"51":0,"55":0,"56":0,"57":0,"61":0,"65":0,"69":0,"70":0,"74":0,"78":0,"79":0,"81":0,"82":0,"83":0,"84":0,"85":0,"86":0,"88":0,"89":0,"93":0,"94":0,"95":0,"99":0,"100":0,"102":0,"104":0,"105":0,"106":0,"108":0,"112":0,"113":0,"115":0,"116":0,"117":0,"120":0,"124":0,"125":0,"127":0,"128":0,"129":0,"130":0,"132":0,"136":0,"137":0,"138":0,"139":0,"140":0,"141":0,"157":0,"158":0,"159":0,"160":0,"162":0,"163":0,"164":0,"165":0,"166":0,"169":0,"187":0,"196":0},"path":"D:\\Works\\Dev\\1.DeFi-Platform\\Terafarm-Defi-site\\Terafarm-Contract\\contracts\\TeraFarming.sol","s":{"1":0,"2":0,"3":0,"4":0,"5":0,"6":0,"7":0,"8":0,"9":0,"10":0,"11":0,"12":0,"13":0,"14":0,"15":0,"16":0,"17":0,"18":0,"19":0,"20":0,"21":0,"22":0,"23":0,"24":0,"25":0,"26":0,"27":0,"28":0,"29":0,"30":0,"31":0,"32":0,"33":0,"34":0,"35":0,"36":0,"37":0,"38":0},"b":{"1":[0,0],"2":[0,0],"3":[0,0],"4":[0,0],"5":[0,0],"6":[0,0],"7":[0,0],"8":[0,0],"9":[0,0],"10":[0,0],"11":[0,0],"12":[0,0],"13":[0,0],"14":[0,0],"15":[0,0],"16":[0,0],"17":[0,0],"18":[0,0],"19":[0,0],"20":[0,0]},"f":{"1":0,"2":0,"3":0,"4":0,"5":0,"6":0,"7":0,"8":0,"9":0,"10":0,"11":0,"12":0,"13":0,"14":0,"15":0},"fnMap":{"1":{"name":"constructor","line":41,"loc":{"start":{"line":36,"column":4},"end":{"line":46,"column":4}}},"2":{"name":"onlyOwnerOf","line":48,"loc":{"start":{"line":48,"column":4},"end":{"line":52,"column":4}}},"3":{"name":"isValidTokens","line":54,"loc":{"start":{"line":54,"column":4},"end":{"line":58,"column":4}}},"4":{"name":"setStakeToken","line":60,"loc":{"start":{"line":60,"column":4},"end":{"line":62,"column":4}}},"5":{"name":"setRewardToken","line":64,"loc":{"start":{"line":64,"column":4},"end":{"line":66,"column":4}}},"6":{"name":"setRewardFactors","line":68,"loc":{"start":{"line":68,"column":4},"end":{"line":71,"column":4}}},"7":{"name":"setPriceFeed","line":73,"loc":{"start":{"line":73,"column":4},"end":{"line":75,"column":4}}},"8":{"name":"stake","line":77,"loc":{"start":{"line":77,"column":4},"end":{"line":90,"column":4}}},"9":{"name":"calculateRewards","line":92,"loc":{"start":{"line":92,"column":4},"end":{"line":96,"column":4}}},"10":{"name":"claimRewards","line":98,"loc":{"start":{"line":98,"column":4},"end":{"line":109,"column":4}}},"11":{"name":"claimAllRewards","line":111,"loc":{"start":{"line":111,"column":4},"end":{"line":121,"column":4}}},"12":{"name":"unstake","line":123,"loc":{"start":{"line":123,"column":4},"end":{"line":133,"column":4}}},"13":{"name":"_removeFromArray","line":135,"loc":{"start":{"line":135,"column":4},"end":{"line":144,"column":4}}},"14":{"name":"stakedTokens","line":146,"loc":{"start":{"line":146,"column":4},"end":{"line":176,"column":4}}},"15":{"name":"getTotalAssets","line":181,"loc":{"start":{"line":178,"column":4},"end":{"line":197,"column":4}}}},"statementMap":{"1":{"start":{"line":49,"column":8},"end":{"line":49,"column":73}},"2":{"start":{"line":50,"column":8},"end":{"line":50,"column":66}},"3":{"start":{"line":55,"column":8},"end":{"line":55,"column":103}},"4":{"start":{"line":56,"column":8},"end":{"line":56,"column":72}},"5":{"start":{"line":74,"column":8},"end":{"line":74,"column":44}},"6":{"start":{"line":78,"column":8},"end":{"line":78,"column":78}},"7":{"start":{"line":79,"column":8},"end":{"line":79,"column":76}},"8":{"start":{"line":81,"column":8},"end":{"line":81,"column":70}},"9":{"start":{"line":85,"column":8},"end":{"line":85,"column":42}},"10":{"start":{"line":86,"column":8},"end":{"line":86,"column":40}},"11":{"start":{"line":89,"column":8},"end":{"line":89,"column":56}},"12":{"start":{"line":93,"column":8},"end":{"line":93,"column":81}},"13":{"start":{"line":94,"column":8},"end":{"line":94,"column":59}},"14":{"start":{"line":95,"column":8},"end":{"line":95,"column":65}},"15":{"start":{"line":99,"column":8},"end":{"line":99,"column":69}},"16":{"start":{"line":100,"column":8},"end":{"line":100,"column":57}},"17":{"start":{"line":102,"column":8},"end":{"line":102,"column":59}},"18":{"start":{"line":108,"column":8},"end":{"line":108,"column":63}},"19":{"start":{"line":112,"column":8},"end":{"line":112,"column":66}},"20":{"start":{"line":113,"column":8},"end":{"line":113,"column":56}},"21":{"start":{"line":115,"column":8},"end":{"line":115,"column":4737}},"22":{"start":{"line":116,"column":12},"end":{"line":116,"column":53}},"23":{"start":{"line":117,"column":12},"end":{"line":117,"column":30}},"24":{"start":{"line":120,"column":8},"end":{"line":120,"column":69}},"25":{"start":{"line":124,"column":8},"end":{"line":124,"column":27}},"26":{"start":{"line":125,"column":8},"end":{"line":125,"column":70}},"27":{"start":{"line":128,"column":8},"end":{"line":128,"column":55}},"28":{"start":{"line":129,"column":8},"end":{"line":129,"column":53}},"29":{"start":{"line":132,"column":8},"end":{"line":132,"column":58}},"30":{"start":{"line":136,"column":8},"end":{"line":136,"column":37}},"31":{"start":{"line":137,"column":8},"end":{"line":137,"column":5582}},"32":{"start":{"line":138,"column":12},"end":{"line":138,"column":5638}},"33":{"start":{"line":140,"column":16},"end":{"line":140,"column":26}},"34":{"start":{"line":157,"column":8},"end":{"line":157,"column":54}},"35":{"start":{"line":162,"column":8},"end":{"line":162,"column":6332}},"36":{"start":{"line":163,"column":12},"end":{"line":163,"column":53}},"37":{"start":{"line":169,"column":8},"end":{"line":169,"column":6635}},"38":{"start":{"line":196,"column":8},"end":{"line":196,"column":56}}},"branchMap":{"1":{"line":49,"type":"if","locations":[{"start":{"line":49,"column":8},"end":{"line":49,"column":8}},{"start":{"line":49,"column":8},"end":{"line":49,"column":8}}]},"2":{"line":50,"type":"if","locations":[{"start":{"line":50,"column":8},"end":{"line":50,"column":8}},{"start":{"line":50,"column":8},"end":{"line":50,"column":8}}]},"3":{"line":55,"type":"if","locations":[{"start":{"line":55,"column":8},"end":{"line":55,"column":8}},{"start":{"line":55,"column":8},"end":{"line":55,"column":8}}]},"4":{"line":56,"type":"if","locations":[{"start":{"line":56,"column":8},"end":{"line":56,"column":8}},{"start":{"line":56,"column":8},"end":{"line":56,"column":8}}]},"5":{"line":60,"type":"if","locations":[{"start":{"line":60,"column":58},"end":{"line":60,"column":58}},{"start":{"line":60,"column":58},"end":{"line":60,"column":58}}]},"6":{"line":64,"type":"if","locations":[{"start":{"line":64,"column":58},"end":{"line":64,"column":58}},{"start":{"line":64,"column":58},"end":{"line":64,"column":58}}]},"7":{"line":68,"type":"if","locations":[{"start":{"line":68,"column":79},"end":{"line":68,"column":79}},{"start":{"line":68,"column":79},"end":{"line":68,"column":79}}]},"8":{"line":73,"type":"if","locations":[{"start":{"line":73,"column":64},"end":{"line":73,"column":64}},{"start":{"line":73,"column":64},"end":{"line":73,"column":64}}]},"9":{"line":77,"type":"if","locations":[{"start":{"line":77,"column":44},"end":{"line":77,"column":44}},{"start":{"line":77,"column":44},"end":{"line":77,"column":44}}]},"10":{"line":78,"type":"if","locations":[{"start":{"line":78,"column":8},"end":{"line":78,"column":8}},{"start":{"line":78,"column":8},"end":{"line":78,"column":8}}]},"11":{"line":79,"type":"if","locations":[{"start":{"line":79,"column":8},"end":{"line":79,"column":8}},{"start":{"line":79,"column":8},"end":{"line":79,"column":8}}]},"12":{"line":98,"type":"if","locations":[{"start":{"line":98,"column":49},"end":{"line":98,"column":49}},{"start":{"line":98,"column":49},"end":{"line":98,"column":49}}]},"13":{"line":98,"type":"if","locations":[{"start":{"line":98,"column":62},"end":{"line":98,"column":62}},{"start":{"line":98,"column":62},"end":{"line":98,"column":62}}]},"14":{"line":100,"type":"if","locations":[{"start":{"line":100,"column":8},"end":{"line":100,"column":8}},{"start":{"line":100,"column":8},"end":{"line":100,"column":8}}]},"15":{"line":111,"type":"if","locations":[{"start":{"line":111,"column":40},"end":{"line":111,"column":40}},{"start":{"line":111,"column":40},"end":{"line":111,"column":40}}]},"16":{"line":112,"type":"if","locations":[{"start":{"line":112,"column":8},"end":{"line":112,"column":8}},{"start":{"line":112,"column":8},"end":{"line":112,"column":8}}]},"17":{"line":123,"type":"if","locations":[{"start":{"line":123,"column":46},"end":{"line":123,"column":46}},{"start":{"line":123,"column":46},"end":{"line":123,"column":46}}]},"18":{"line":123,"type":"if","locations":[{"start":{"line":123,"column":59},"end":{"line":123,"column":59}},{"start":{"line":123,"column":59},"end":{"line":123,"column":59}}]},"19":{"line":138,"type":"if","locations":[{"start":{"line":138,"column":12},"end":{"line":138,"column":12}},{"start":{"line":138,"column":12},"end":{"line":138,"column":12}}]},"20":{"line":181,"type":"if","locations":[{"start":{"line":181,"column":8},"end":{"line":181,"column":8}},{"start":{"line":181,"column":8},"end":{"line":181,"column":8}}]}}},"contracts\\TeraStaking.sol":{"l":{"44":0,"45":0,"46":0,"47":0,"51":0,"55":0,"59":0,"60":0,"64":0,"68":0,"69":0,"71":0,"73":0,"75":0,"76":0,"77":0,"78":0,"81":0,"82":0,"83":0,"85":0,"89":0,"90":0,"92":0,"93":0,"95":0,"97":0,"99":0,"100":0,"103":0,"104":0,"106":0,"110":0,"111":0,"112":0,"113":0,"115":0,"119":0,"120":0,"122":0,"123":0,"125":0,"126":0,"128":0,"129":0,"130":0,"131":0,"133":0,"136":0,"140":0,"141":0,"142":0,"153":0,"168":0},"path":"D:\\Works\\Dev\\1.DeFi-Platform\\Terafarm-Defi-site\\Terafarm-Contract\\contracts\\TeraStaking.sol","s":{"1":0,"2":0,"3":0,"4":0,"5":0,"6":0,"7":0,"8":0,"9":0,"10":0,"11":0,"12":0,"13":0,"14":0,"15":0,"16":0,"17":0,"18":0,"19":0,"20":0,"21":0,"22":0,"23":0,"24":0,"25":0,"26":0,"27":0,"28":0,"29":0,"30":0,"31":0,"32":0,"33":0,"34":0,"35":0,"36":0,"37":0,"38":0,"39":0},"b":{"1":[0,0],"2":[0,0],"3":[0,0],"4":[0,0],"5":[0,0],"6":[0,0],"7":[0,0],"8":[0,0],"9":[0,0],"10":[0,0],"11":[0,0],"12":[0,0],"13":[0,0],"14":[0,0],"15":[0,0],"16":[0,0],"17":[0,0],"18":[0,0],"19":[0,0],"20":[0,0],"21":[0,0],"22":[0,0],"23":[0,0]},"f":{"1":0,"2":0,"3":0,"4":0,"5":0,"6":0,"7":0,"8":0,"9":0,"10":0,"11":0,"12":0},"fnMap":{"1":{"name":"constructor","line":43,"loc":{"start":{"line":38,"column":4},"end":{"line":48,"column":4}}},"2":{"name":"setReceiveToken","line":50,"loc":{"start":{"line":50,"column":4},"end":{"line":52,"column":4}}},"3":{"name":"setRewardToken","line":54,"loc":{"start":{"line":54,"column":4},"end":{"line":56,"column":4}}},"4":{"name":"setRewardRate","line":58,"loc":{"start":{"line":58,"column":4},"end":{"line":61,"column":4}}},"5":{"name":"setPriceFeed","line":63,"loc":{"start":{"line":63,"column":4},"end":{"line":65,"column":4}}},"6":{"name":"stake","line":67,"loc":{"start":{"line":67,"column":4},"end":{"line":86,"column":4}}},"7":{"name":"unstake","line":88,"loc":{"start":{"line":88,"column":4},"end":{"line":107,"column":4}}},"8":{"name":"calculateRewards","line":109,"loc":{"start":{"line":109,"column":4},"end":{"line":116,"column":4}}},"9":{"name":"claimReward","line":118,"loc":{"start":{"line":118,"column":4},"end":{"line":137,"column":4}}},"10":{"name":"withdrawLeftoverRewards","line":139,"loc":{"start":{"line":139,"column":4},"end":{"line":143,"column":4}}},"11":{"name":"getTotalRewardUser","line":145,"loc":{"start":{"line":145,"column":4},"end":{"line":161,"column":4}}},"12":{"name":"getTotalBalancesOf","line":163,"loc":{"start":{"line":163,"column":4},"end":{"line":173,"column":4}}}},"statementMap":{"1":{"start":{"line":64,"column":8},"end":{"line":64,"column":50}},"2":{"start":{"line":68,"column":8},"end":{"line":68,"column":63}},"3":{"start":{"line":69,"column":8},"end":{"line":69,"column":85}},"4":{"start":{"line":71,"column":8},"end":{"line":71,"column":72}},"5":{"start":{"line":73,"column":8},"end":{"line":73,"column":47}},"6":{"start":{"line":75,"column":8},"end":{"line":75,"column":2751}},"7":{"start":{"line":76,"column":12},"end":{"line":76,"column":64}},"8":{"start":{"line":77,"column":12},"end":{"line":77,"column":2868}},"9":{"start":{"line":78,"column":16},"end":{"line":78,"column":28}},"10":{"start":{"line":83,"column":8},"end":{"line":83,"column":57}},"11":{"start":{"line":85,"column":8},"end":{"line":85,"column":57}},"12":{"start":{"line":89,"column":8},"end":{"line":89,"column":63}},"13":{"start":{"line":90,"column":8},"end":{"line":90,"column":91}},"14":{"start":{"line":92,"column":8},"end":{"line":92,"column":70}},"15":{"start":{"line":93,"column":8},"end":{"line":93,"column":118}},"16":{"start":{"line":95,"column":8},"end":{"line":95,"column":53}},"17":{"start":{"line":97,"column":8},"end":{"line":97,"column":83}},"18":{"start":{"line":99,"column":8},"end":{"line":99,"column":3787}},"19":{"start":{"line":100,"column":12},"end":{"line":100,"column":24}},"20":{"start":{"line":103,"column":8},"end":{"line":103,"column":47}},"21":{"start":{"line":106,"column":8},"end":{"line":106,"column":59}},"22":{"start":{"line":110,"column":8},"end":{"line":110,"column":41}},"23":{"start":{"line":111,"column":8},"end":{"line":111,"column":71}},"24":{"start":{"line":112,"column":8},"end":{"line":112,"column":88}},"25":{"start":{"line":113,"column":8},"end":{"line":113,"column":104}},"26":{"start":{"line":115,"column":8},"end":{"line":115,"column":21}},"27":{"start":{"line":119,"column":8},"end":{"line":119,"column":53}},"28":{"start":{"line":120,"column":8},"end":{"line":120,"column":49}},"29":{"start":{"line":122,"column":8},"end":{"line":122,"column":65}},"30":{"start":{"line":123,"column":8},"end":{"line":123,"column":113}},"31":{"start":{"line":125,"column":8},"end":{"line":125,"column":82}},"32":{"start":{"line":128,"column":8},"end":{"line":128,"column":47}},"33":{"start":{"line":130,"column":8},"end":{"line":130,"column":5141}},"34":{"start":{"line":136,"column":8},"end":{"line":136,"column":64}},"35":{"start":{"line":140,"column":8},"end":{"line":140,"column":62}},"36":{"start":{"line":141,"column":8},"end":{"line":141,"column":139}},"37":{"start":{"line":142,"column":8},"end":{"line":142,"column":47}},"38":{"start":{"line":153,"column":8},"end":{"line":153,"column":6088}},"39":{"start":{"line":168,"column":8},"end":{"line":168,"column":6536}}},"branchMap":{"1":{"line":50,"type":"if","locations":[{"start":{"line":50,"column":60},"end":{"line":50,"column":60}},{"start":{"line":50,"column":60},"end":{"line":50,"column":60}}]},"2":{"line":54,"type":"if","locations":[{"start":{"line":54,"column":58},"end":{"line":54,"column":58}},{"start":{"line":54,"column":58},"end":{"line":54,"column":58}}]},"3":{"line":58,"type":"if","locations":[{"start":{"line":58,"column":88},"end":{"line":58,"column":88}},{"start":{"line":58,"column":88},"end":{"line":58,"column":88}}]},"4":{"line":63,"type":"if","locations":[{"start":{"line":63,"column":64},"end":{"line":63,"column":64}},{"start":{"line":63,"column":64},"end":{"line":63,"column":64}}]},"5":{"line":67,"type":"if","locations":[{"start":{"line":67,"column":45},"end":{"line":67,"column":45}},{"start":{"line":67,"column":45},"end":{"line":67,"column":45}}]},"6":{"line":68,"type":"if","locations":[{"start":{"line":68,"column":8},"end":{"line":68,"column":8}},{"start":{"line":68,"column":8},"end":{"line":68,"column":8}}]},"7":{"line":69,"type":"if","locations":[{"start":{"line":69,"column":8},"end":{"line":69,"column":8}},{"start":{"line":69,"column":8},"end":{"line":69,"column":8}}]},"8":{"line":75,"type":"if","locations":[{"start":{"line":75,"column":8},"end":{"line":75,"column":8}},{"start":{"line":75,"column":8},"end":{"line":75,"column":8}}]},"9":{"line":77,"type":"if","locations":[{"start":{"line":77,"column":12},"end":{"line":77,"column":12}},{"start":{"line":77,"column":12},"end":{"line":77,"column":12}}]},"10":{"line":88,"type":"if","locations":[{"start":{"line":88,"column":47},"end":{"line":88,"column":47}},{"start":{"line":88,"column":47},"end":{"line":88,"column":47}}]},"11":{"line":89,"type":"if","locations":[{"start":{"line":89,"column":8},"end":{"line":89,"column":8}},{"start":{"line":89,"column":8},"end":{"line":89,"column":8}}]},"12":{"line":90,"type":"if","locations":[{"start":{"line":90,"column":8},"end":{"line":90,"column":8}},{"start":{"line":90,"column":8},"end":{"line":90,"column":8}}]},"13":{"line":93,"type":"if","locations":[{"start":{"line":93,"column":8},"end":{"line":93,"column":8}},{"start":{"line":93,"column":8},"end":{"line":93,"column":8}}]},"14":{"line":97,"type":"if","locations":[{"start":{"line":97,"column":8},"end":{"line":97,"column":8}},{"start":{"line":97,"column":8},"end":{"line":97,"column":8}}]},"15":{"line":99,"type":"if","locations":[{"start":{"line":99,"column":8},"end":{"line":99,"column":8}},{"start":{"line":99,"column":8},"end":{"line":99,"column":8}}]},"16":{"line":118,"type":"if","locations":[{"start":{"line":118,"column":34},"end":{"line":118,"column":34}},{"start":{"line":118,"column":34},"end":{"line":118,"column":34}}]},"17":{"line":120,"type":"if","locations":[{"start":{"line":120,"column":8},"end":{"line":120,"column":8}},{"start":{"line":120,"column":8},"end":{"line":120,"column":8}}]},"18":{"line":123,"type":"if","locations":[{"start":{"line":123,"column":8},"end":{"line":123,"column":8}},{"start":{"line":123,"column":8},"end":{"line":123,"column":8}}]},"19":{"line":125,"type":"if","locations":[{"start":{"line":125,"column":8},"end":{"line":125,"column":8}},{"start":{"line":125,"column":8},"end":{"line":125,"column":8}}]},"20":{"line":130,"type":"if","locations":[{"start":{"line":130,"column":8},"end":{"line":130,"column":8}},{"start":{"line":130,"column":8},"end":{"line":130,"column":8}}]},"21":{"line":139,"type":"if","locations":[{"start":{"line":139,"column":62},"end":{"line":139,"column":62}},{"start":{"line":139,"column":62},"end":{"line":139,"column":62}}]},"22":{"line":140,"type":"if","locations":[{"start":{"line":140,"column":8},"end":{"line":140,"column":8}},{"start":{"line":140,"column":8},"end":{"line":140,"column":8}}]},"23":{"line":141,"type":"if","locations":[{"start":{"line":141,"column":8},"end":{"line":141,"column":8}},{"start":{"line":141,"column":8},"end":{"line":141,"column":8}}]}}}}